[10-May-2019 09:22:43 PRC] PHP Warning:  require(): open_basedir restriction in effect. File(/home/wwwroot/bbs/public/../vendor/autoload.php) is not within the allowed path(s): (/home/wwwroot/bbs/public:/tmp/:/proc/) in /home/wwwroot/bbs/public/index.php on line 24
[10-May-2019 09:22:43 PRC] PHP Warning:  require(/home/wwwroot/bbs/public/../vendor/autoload.php): failed to open stream: Operation not permitted in /home/wwwroot/bbs/public/index.php on line 24
[10-May-2019 09:22:43 PRC] PHP Fatal error:  require(): Failed opening required '/home/wwwroot/bbs/public/../vendor/autoload.php' (include_path='.:/usr/local/php/lib/php') in /home/wwwroot/bbs/public/index.php on line 24
[10-May-2019 09:24:55 PRC] PHP Warning:  require(): open_basedir restriction in effect. File(/home/wwwroot/bbs/vendor/autoload.php) is not within the allowed path(s): (/home/wwwroot/bbs/public:/tmp/:/proc/) in /home/wwwroot/bbs/public/index.php on line 24
[10-May-2019 09:24:55 PRC] PHP Warning:  require(/home/wwwroot/bbs/vendor/autoload.php): failed to open stream: Operation not permitted in /home/wwwroot/bbs/public/index.php on line 24
[10-May-2019 09:24:55 PRC] PHP Fatal error:  require(): Failed opening required '/home/wwwroot/bbs/public/../vendor/autoload.php' (include_path='.:/usr/local/php/lib/php') in /home/wwwroot/bbs/public/index.php on line 24
[10-May-2019 09:24:56 PRC] PHP Warning:  require(): open_basedir restriction in effect. File(/home/wwwroot/bbs/vendor/autoload.php) is not within the allowed path(s): (/home/wwwroot/bbs/public:/tmp/:/proc/) in /home/wwwroot/bbs/public/index.php on line 24
[10-May-2019 09:24:56 PRC] PHP Warning:  require(/home/wwwroot/bbs/vendor/autoload.php): failed to open stream: Operation not permitted in /home/wwwroot/bbs/public/index.php on line 24
[10-May-2019 09:24:56 PRC] PHP Fatal error:  require(): Failed opening required '/home/wwwroot/bbs/public/../vendor/autoload.php' (include_path='.:/usr/local/php/lib/php') in /home/wwwroot/bbs/public/index.php on line 24
[10-May-2019 09:24:57 PRC] PHP Warning:  require(): open_basedir restriction in effect. File(/home/wwwroot/bbs/vendor/autoload.php) is not within the allowed path(s): (/home/wwwroot/bbs/public:/tmp/:/proc/) in /home/wwwroot/bbs/public/index.php on line 24
[10-May-2019 09:24:57 PRC] PHP Warning:  require(/home/wwwroot/bbs/vendor/autoload.php): failed to open stream: Operation not permitted in /home/wwwroot/bbs/public/index.php on line 24
[10-May-2019 09:24:57 PRC] PHP Fatal error:  require(): Failed opening required '/home/wwwroot/bbs/public/../vendor/autoload.php' (include_path='.:/usr/local/php/lib/php') in /home/wwwroot/bbs/public/index.php on line 24
[10-May-2019 09:24:58 PRC] PHP Warning:  require(): open_basedir restriction in effect. File(/home/wwwroot/bbs/vendor/autoload.php) is not within the allowed path(s): (/home/wwwroot/bbs/public:/tmp/:/proc/) in /home/wwwroot/bbs/public/index.php on line 24
[10-May-2019 09:24:58 PRC] PHP Warning:  require(/home/wwwroot/bbs/vendor/autoload.php): failed to open stream: Operation not permitted in /home/wwwroot/bbs/public/index.php on line 24
[10-May-2019 09:24:58 PRC] PHP Fatal error:  require(): Failed opening required '/home/wwwroot/bbs/public/../vendor/autoload.php' (include_path='.:/usr/local/php/lib/php') in /home/wwwroot/bbs/public/index.php on line 24
[10-May-2019 09:24:59 PRC] PHP Warning:  require(): open_basedir restriction in effect. File(/home/wwwroot/bbs/vendor/autoload.php) is not within the allowed path(s): (/home/wwwroot/bbs/public:/tmp/:/proc/) in /home/wwwroot/bbs/public/index.php on line 24
[10-May-2019 09:24:59 PRC] PHP Warning:  require(/home/wwwroot/bbs/vendor/autoload.php): failed to open stream: Operation not permitted in /home/wwwroot/bbs/public/index.php on line 24
[10-May-2019 09:24:59 PRC] PHP Fatal error:  require(): Failed opening required '/home/wwwroot/bbs/public/../vendor/autoload.php' (include_path='.:/usr/local/php/lib/php') in /home/wwwroot/bbs/public/index.php on line 24
[10-May-2019 09:24:59 PRC] PHP Warning:  require(): open_basedir restriction in effect. File(/home/wwwroot/bbs/vendor/autoload.php) is not within the allowed path(s): (/home/wwwroot/bbs/public:/tmp/:/proc/) in /home/wwwroot/bbs/public/index.php on line 24
[10-May-2019 09:24:59 PRC] PHP Warning:  require(/home/wwwroot/bbs/vendor/autoload.php): failed to open stream: Operation not permitted in /home/wwwroot/bbs/public/index.php on line 24
[10-May-2019 09:24:59 PRC] PHP Fatal error:  require(): Failed opening required '/home/wwwroot/bbs/public/../vendor/autoload.php' (include_path='.:/usr/local/php/lib/php') in /home/wwwroot/bbs/public/index.php on line 24
[10-May-2019 09:25:20 PRC] PHP Warning:  require(): open_basedir restriction in effect. File(/home/wwwroot/bbs/vendor/autoload.php) is not within the allowed path(s): (/home/wwwroot/bbs/public:/tmp/:/proc/) in /home/wwwroot/bbs/public/index.php on line 24
[10-May-2019 09:25:20 PRC] PHP Warning:  require(/home/wwwroot/bbs/vendor/autoload.php): failed to open stream: Operation not permitted in /home/wwwroot/bbs/public/index.php on line 24
[10-May-2019 09:25:20 PRC] PHP Fatal error:  require(): Failed opening required '/home/wwwroot/bbs/public/../vendor/autoload.php' (include_path='.:/usr/local/php/lib/php') in /home/wwwroot/bbs/public/index.php on line 24
[10-May-2019 09:25:21 PRC] PHP Warning:  require(): open_basedir restriction in effect. File(/home/wwwroot/bbs/vendor/autoload.php) is not within the allowed path(s): (/home/wwwroot/bbs/public:/tmp/:/proc/) in /home/wwwroot/bbs/public/index.php on line 24
[10-May-2019 09:25:21 PRC] PHP Warning:  require(/home/wwwroot/bbs/vendor/autoload.php): failed to open stream: Operation not permitted in /home/wwwroot/bbs/public/index.php on line 24
[10-May-2019 09:25:21 PRC] PHP Fatal error:  require(): Failed opening required '/home/wwwroot/bbs/public/../vendor/autoload.php' (include_path='.:/usr/local/php/lib/php') in /home/wwwroot/bbs/public/index.php on line 24
[10-May-2019 09:25:21 PRC] PHP Warning:  require(): open_basedir restriction in effect. File(/home/wwwroot/bbs/vendor/autoload.php) is not within the allowed path(s): (/home/wwwroot/bbs/public:/tmp/:/proc/) in /home/wwwroot/bbs/public/index.php on line 24
[10-May-2019 09:25:21 PRC] PHP Warning:  require(/home/wwwroot/bbs/vendor/autoload.php): failed to open stream: Operation not permitted in /home/wwwroot/bbs/public/index.php on line 24
[10-May-2019 09:25:21 PRC] PHP Fatal error:  require(): Failed opening required '/home/wwwroot/bbs/public/../vendor/autoload.php' (include_path='.:/usr/local/php/lib/php') in /home/wwwroot/bbs/public/index.php on line 24
[10-May-2019 09:25:51 PRC] PHP Warning:  require(): open_basedir restriction in effect. File(/home/wwwroot/bbs/vendor/autoload.php) is not within the allowed path(s): (/home/wwwroot/bbs/public:/tmp/:/proc/) in /home/wwwroot/bbs/public/index.php on line 24
[10-May-2019 09:25:51 PRC] PHP Warning:  require(/home/wwwroot/bbs/vendor/autoload.php): failed to open stream: Operation not permitted in /home/wwwroot/bbs/public/index.php on line 24
[10-May-2019 09:25:51 PRC] PHP Fatal error:  require(): Failed opening required '/home/wwwroot/bbs/public/../vendor/autoload.php' (include_path='.:/usr/local/php/lib/php') in /home/wwwroot/bbs/public/index.php on line 24
[10-May-2019 09:25:52 PRC] PHP Warning:  require(): open_basedir restriction in effect. File(/home/wwwroot/bbs/vendor/autoload.php) is not within the allowed path(s): (/home/wwwroot/bbs/public:/tmp/:/proc/) in /home/wwwroot/bbs/public/index.php on line 24
[10-May-2019 09:25:52 PRC] PHP Warning:  require(/home/wwwroot/bbs/vendor/autoload.php): failed to open stream: Operation not permitted in /home/wwwroot/bbs/public/index.php on line 24
[10-May-2019 09:25:52 PRC] PHP Fatal error:  require(): Failed opening required '/home/wwwroot/bbs/public/../vendor/autoload.php' (include_path='.:/usr/local/php/lib/php') in /home/wwwroot/bbs/public/index.php on line 24
[10-May-2019 09:25:54 PRC] PHP Warning:  require(): open_basedir restriction in effect. File(/home/wwwroot/bbs/vendor/autoload.php) is not within the allowed path(s): (/home/wwwroot/bbs/public:/tmp/:/proc/) in /home/wwwroot/bbs/public/index.php on line 24
[10-May-2019 09:25:54 PRC] PHP Warning:  require(/home/wwwroot/bbs/vendor/autoload.php): failed to open stream: Operation not permitted in /home/wwwroot/bbs/public/index.php on line 24
[10-May-2019 09:25:54 PRC] PHP Fatal error:  require(): Failed opening required '/home/wwwroot/bbs/public/../vendor/autoload.php' (include_path='.:/usr/local/php/lib/php') in /home/wwwroot/bbs/public/index.php on line 24
[10-May-2019 09:27:26 PRC] PHP Warning:  require(): open_basedir restriction in effect. File(/home/wwwroot/bbs/vendor/autoload.php) is not within the allowed path(s): (/home/wwwroot/bbs/public:/tmp/:/proc/) in /home/wwwroot/bbs/public/index.php on line 24
[10-May-2019 09:27:26 PRC] PHP Warning:  require(/home/wwwroot/bbs/vendor/autoload.php): failed to open stream: Operation not permitted in /home/wwwroot/bbs/public/index.php on line 24
[10-May-2019 09:27:26 PRC] PHP Fatal error:  require(): Failed opening required '/home/wwwroot/bbs/public/../vendor/autoload.php' (include_path='.:/usr/local/php/lib/php') in /home/wwwroot/bbs/public/index.php on line 24
[10-May-2019 09:27:27 PRC] PHP Warning:  require(): open_basedir restriction in effect. File(/home/wwwroot/bbs/vendor/autoload.php) is not within the allowed path(s): (/home/wwwroot/bbs/public:/tmp/:/proc/) in /home/wwwroot/bbs/public/index.php on line 24
[10-May-2019 09:27:27 PRC] PHP Warning:  require(/home/wwwroot/bbs/vendor/autoload.php): failed to open stream: Operation not permitted in /home/wwwroot/bbs/public/index.php on line 24
[10-May-2019 09:27:27 PRC] PHP Fatal error:  require(): Failed opening required '/home/wwwroot/bbs/public/../vendor/autoload.php' (include_path='.:/usr/local/php/lib/php') in /home/wwwroot/bbs/public/index.php on line 24
[10-May-2019 09:27:28 PRC] PHP Warning:  require(): open_basedir restriction in effect. File(/home/wwwroot/bbs/vendor/autoload.php) is not within the allowed path(s): (/home/wwwroot/bbs/public:/tmp/:/proc/) in /home/wwwroot/bbs/public/index.php on line 24
[10-May-2019 09:27:28 PRC] PHP Warning:  require(/home/wwwroot/bbs/vendor/autoload.php): failed to open stream: Operation not permitted in /home/wwwroot/bbs/public/index.php on line 24
[10-May-2019 09:27:28 PRC] PHP Fatal error:  require(): Failed opening required '/home/wwwroot/bbs/public/../vendor/autoload.php' (include_path='.:/usr/local/php/lib/php') in /home/wwwroot/bbs/public/index.php on line 24
[10-May-2019 09:27:29 PRC] PHP Warning:  require(): open_basedir restriction in effect. File(/home/wwwroot/bbs/vendor/autoload.php) is not within the allowed path(s): (/home/wwwroot/bbs/public:/tmp/:/proc/) in /home/wwwroot/bbs/public/index.php on line 24
[10-May-2019 09:27:29 PRC] PHP Warning:  require(/home/wwwroot/bbs/vendor/autoload.php): failed to open stream: Operation not permitted in /home/wwwroot/bbs/public/index.php on line 24
[10-May-2019 09:27:29 PRC] PHP Fatal error:  require(): Failed opening required '/home/wwwroot/bbs/public/../vendor/autoload.php' (include_path='.:/usr/local/php/lib/php') in /home/wwwroot/bbs/public/index.php on line 24
[10-May-2019 09:27:29 PRC] PHP Warning:  require(): open_basedir restriction in effect. File(/home/wwwroot/bbs/vendor/autoload.php) is not within the allowed path(s): (/home/wwwroot/bbs/public:/tmp/:/proc/) in /home/wwwroot/bbs/public/index.php on line 24
[10-May-2019 09:27:29 PRC] PHP Warning:  require(/home/wwwroot/bbs/vendor/autoload.php): failed to open stream: Operation not permitted in /home/wwwroot/bbs/public/index.php on line 24
[10-May-2019 09:27:29 PRC] PHP Fatal error:  require(): Failed opening required '/home/wwwroot/bbs/public/../vendor/autoload.php' (include_path='.:/usr/local/php/lib/php') in /home/wwwroot/bbs/public/index.php on line 24
[10-May-2019 09:28:10 PRC] PHP Warning:  require(): open_basedir restriction in effect. File(/home/wwwroot/bbs/vendor/autoload.php) is not within the allowed path(s): (/home/wwwroot/bbs/public:/tmp/:/proc/) in /home/wwwroot/bbs/public/index.php on line 24
[10-May-2019 09:28:10 PRC] PHP Warning:  require(/home/wwwroot/bbs/vendor/autoload.php): failed to open stream: Operation not permitted in /home/wwwroot/bbs/public/index.php on line 24
[10-May-2019 09:28:10 PRC] PHP Fatal error:  require(): Failed opening required '/home/wwwroot/bbs/public/../vendor/autoload.php' (include_path='.:/usr/local/php/lib/php') in /home/wwwroot/bbs/public/index.php on line 24
[10-May-2019 09:28:11 PRC] PHP Warning:  require(): open_basedir restriction in effect. File(/home/wwwroot/bbs/vendor/autoload.php) is not within the allowed path(s): (/home/wwwroot/bbs/public:/tmp/:/proc/) in /home/wwwroot/bbs/public/index.php on line 24
[10-May-2019 09:28:11 PRC] PHP Warning:  require(/home/wwwroot/bbs/vendor/autoload.php): failed to open stream: Operation not permitted in /home/wwwroot/bbs/public/index.php on line 24
[10-May-2019 09:28:11 PRC] PHP Fatal error:  require(): Failed opening required '/home/wwwroot/bbs/public/../vendor/autoload.php' (include_path='.:/usr/local/php/lib/php') in /home/wwwroot/bbs/public/index.php on line 24
[10-May-2019 09:28:11 PRC] PHP Warning:  require(): open_basedir restriction in effect. File(/home/wwwroot/bbs/vendor/autoload.php) is not within the allowed path(s): (/home/wwwroot/bbs/public:/tmp/:/proc/) in /home/wwwroot/bbs/public/index.php on line 24
[10-May-2019 09:28:11 PRC] PHP Warning:  require(/home/wwwroot/bbs/vendor/autoload.php): failed to open stream: Operation not permitted in /home/wwwroot/bbs/public/index.php on line 24
[10-May-2019 09:28:11 PRC] PHP Fatal error:  require(): Failed opening required '/home/wwwroot/bbs/public/../vendor/autoload.php' (include_path='.:/usr/local/php/lib/php') in /home/wwwroot/bbs/public/index.php on line 24
[10-May-2019 09:28:11 PRC] PHP Warning:  require(): open_basedir restriction in effect. File(/home/wwwroot/bbs/vendor/autoload.php) is not within the allowed path(s): (/home/wwwroot/bbs/public:/tmp/:/proc/) in /home/wwwroot/bbs/public/index.php on line 24
[10-May-2019 09:28:11 PRC] PHP Warning:  require(/home/wwwroot/bbs/vendor/autoload.php): failed to open stream: Operation not permitted in /home/wwwroot/bbs/public/index.php on line 24
[10-May-2019 09:28:11 PRC] PHP Fatal error:  require(): Failed opening required '/home/wwwroot/bbs/public/../vendor/autoload.php' (include_path='.:/usr/local/php/lib/php') in /home/wwwroot/bbs/public/index.php on line 24
[10-May-2019 09:28:11 PRC] PHP Warning:  require(): open_basedir restriction in effect. File(/home/wwwroot/bbs/vendor/autoload.php) is not within the allowed path(s): (/home/wwwroot/bbs/public:/tmp/:/proc/) in /home/wwwroot/bbs/public/index.php on line 24
[10-May-2019 09:28:11 PRC] PHP Warning:  require(/home/wwwroot/bbs/vendor/autoload.php): failed to open stream: Operation not permitted in /home/wwwroot/bbs/public/index.php on line 24
[10-May-2019 09:28:11 PRC] PHP Fatal error:  require(): Failed opening required '/home/wwwroot/bbs/public/../vendor/autoload.php' (include_path='.:/usr/local/php/lib/php') in /home/wwwroot/bbs/public/index.php on line 24
[10-May-2019 09:32:45 PRC] PHP Warning:  require(): open_basedir restriction in effect. File(/home/wwwroot/bbs/vendor/autoload.php) is not within the allowed path(s): (/home/wwwroot/bbs/public:/tmp/:/proc/) in /home/wwwroot/bbs/public/index.php on line 24
[10-May-2019 09:32:45 PRC] PHP Warning:  require(/home/wwwroot/bbs/vendor/autoload.php): failed to open stream: Operation not permitted in /home/wwwroot/bbs/public/index.php on line 24
[10-May-2019 09:32:45 PRC] PHP Fatal error:  require(): Failed opening required '/home/wwwroot/bbs/public/../vendor/autoload.php' (include_path='.:/usr/local/php/lib/php') in /home/wwwroot/bbs/public/index.php on line 24
[10-May-2019 09:32:46 PRC] PHP Warning:  require(): open_basedir restriction in effect. File(/home/wwwroot/bbs/vendor/autoload.php) is not within the allowed path(s): (/home/wwwroot/bbs/public:/tmp/:/proc/) in /home/wwwroot/bbs/public/index.php on line 24
[10-May-2019 09:32:46 PRC] PHP Warning:  require(/home/wwwroot/bbs/vendor/autoload.php): failed to open stream: Operation not permitted in /home/wwwroot/bbs/public/index.php on line 24
[10-May-2019 09:32:46 PRC] PHP Fatal error:  require(): Failed opening required '/home/wwwroot/bbs/public/../vendor/autoload.php' (include_path='.:/usr/local/php/lib/php') in /home/wwwroot/bbs/public/index.php on line 24
[10-May-2019 16:16:40 PRC] PHP Fatal error:  Cannot declare class App\Http\Middleware\EnsureEmailIsVerified, because the name is already in use in /home/wwwroot/bbs/vendor/laravel/framework/src/Illuminate/Auth/Middleware/EnsureEmailIsVerified.php on line 7
[11-May-2019 18:23:43 PRC] PHP Fatal error:  Allowed memory size of 134217728 bytes exhausted (tried to allocate 20480 bytes) in /home/wwwroot/bbs/vendor/intervention/image/src/Intervention/Image/Gd/Decoder.php on line 136
[11-May-2019 18:23:52 PRC] PHP Fatal error:  Allowed memory size of 134217728 bytes exhausted (tried to allocate 20480 bytes) in /home/wwwroot/bbs/vendor/intervention/image/src/Intervention/Image/Gd/Decoder.php on line 136
